TN:
SF:src/constants.ts
FNF:0
FNH:0
DA:8,1
DA:9,1
DA:10,1
DA:12,1
DA:13,1
DA:14,1
DA:15,1
DA:16,1
DA:17,1
DA:20,1
DA:21,1
DA:22,1
DA:23,1
DA:24,1
DA:27,1
DA:30,1
DA:31,1
DA:32,1
DA:33,1
DA:34,1
DA:35,1
DA:37,1
DA:38,1
DA:39,1
DA:40,1
DA:41,1
DA:43,1
DA:44,1
DA:45,1
DA:46,1
DA:47,1
DA:48,1
DA:49,1
DA:50,1
DA:51,1
DA:52,1
DA:53,1
DA:54,1
DA:55,1
DA:56,1
DA:57,1
DA:58,1
DA:59,1
DA:60,1
DA:61,1
DA:62,1
DA:63,1
DA:64,1
DA:65,1
DA:66,1
DA:67,1
LF:51
LH:51
BRDA:12,0,0,12
BRDA:20,1,0,12
BRF:2
BRH:2
end_of_record
TN:
SF:src/types.ts
FN:1,(empty-report)
FNF:1
FNH:1
FNDA:1,(empty-report)
LF:0
LH:0
BRDA:1,0,0,1
BRF:1
BRH:1
end_of_record
TN:
SF:src/utils.ts
FN:4,mmToPX
FN:5,pxToMM
FN:7,cropY
FN:36,calculateHeightOffset
FN:50,calculateFitRatio
FN:62,calculateFillRatio
FN:72,getImageDimensionsMM
FNF:7
FNH:7
FNDA:7,mmToPX
FNDA:14,pxToMM
FNDA:5,cropY
FNDA:3,calculateHeightOffset
FNDA:5,calculateFitRatio
FNDA:4,calculateFillRatio
FNDA:3,getImageDimensionsMM
DA:1,1
DA:4,1
DA:5,1
DA:7,1
DA:8,5
DA:9,5
DA:10,5
DA:11,5
DA:12,5
DA:17,5
DA:18,5
DA:19,5
DA:20,5
DA:21,5
DA:23,5
DA:24,5
DA:25,5
DA:26,5
DA:27,5
DA:28,5
DA:29,5
DA:30,5
DA:31,5
DA:32,5
DA:33,5
DA:34,5
DA:35,5
DA:36,1
DA:37,3
DA:38,3
DA:39,3
DA:40,3
DA:41,3
DA:42,1
DA:43,1
DA:44,3
DA:45,1
DA:46,1
DA:47,1
DA:48,1
DA:50,1
DA:51,5
DA:52,5
DA:53,5
DA:56,5
DA:57,5
DA:58,2
DA:59,2
DA:60,3
DA:61,3
DA:62,1
DA:63,4
DA:64,4
DA:65,4
DA:68,4
DA:69,4
DA:70,4
DA:72,1
DA:73,3
DA:74,3
DA:75,3
DA:76,3
DA:77,3
LF:63
LH:63
BRDA:4,0,0,7
BRDA:5,1,0,14
BRDA:7,2,0,5
BRDA:36,3,0,3
BRDA:41,4,0,1
BRDA:43,5,0,2
BRDA:44,6,0,1
BRDA:50,7,0,5
BRDA:57,8,0,4
BRDA:57,9,0,2
BRDA:59,10,0,3
BRDA:62,11,0,4
BRDA:72,12,0,3
BRF:13
BRH:13
end_of_record
TN:
SF:src/components/Body.tsx
FN:15,Body
FNF:1
FNH:0
FNDA:0,Body
DA:15,1
DA:16,0
DA:17,0
DA:18,0
DA:19,0
DA:20,0
DA:21,0
DA:22,0
DA:23,0
DA:24,0
DA:25,0
DA:26,0
DA:29,0
DA:30,0
DA:32,0
DA:34,1
DA:36,1
LF:17
LH:3
BRF:0
BRH:0
end_of_record
TN:
SF:src/components/Footer.tsx
FN:6,Footer
FNF:1
FNH:0
FNDA:0,Footer
DA:1,1
DA:3,1
DA:4,1
DA:6,1
DA:7,0
DA:8,0
DA:9,0
DA:11,0
DA:13,1
LF:9
LH:5
BRF:0
BRH:0
end_of_record
TN:
SF:src/components/FooterHeaderPage.tsx
FN:13,FooterHeaderPage
FNF:1
FNH:0
FNDA:0,FooterHeaderPage
DA:2,1
DA:4,1
DA:13,1
DA:14,0
DA:15,0
DA:16,0
DA:17,0
DA:18,0
DA:19,0
DA:20,0
DA:21,0
DA:22,0
DA:23,0
DA:24,0
DA:25,0
DA:27,0
DA:28,0
DA:30,0
DA:31,0
DA:32,0
DA:34,1
LF:21
LH:4
BRF:0
BRH:0
end_of_record
TN:
SF:src/components/Header.tsx
FN:6,Header
FNF:1
FNH:0
FNDA:0,Header
DA:1,1
DA:3,1
DA:4,1
DA:6,1
DA:7,0
DA:8,0
DA:9,0
DA:11,0
DA:13,1
LF:9
LH:5
BRF:0
BRH:0
end_of_record
TN:
SF:src/components/PDF.tsx
FNF:0
FNH:0
DA:1,1
DA:19,1
DA:21,1
DA:25,1
DA:26,1
DA:27,1
DA:29,1
DA:30,1
DA:31,1
DA:32,1
DA:34,1
DA:35,1
DA:36,1
DA:37,1
DA:56,1
DA:63,1
DA:64,1
DA:65,0
DA:66,0
DA:67,0
DA:68,0
DA:69,0
DA:70,0
DA:71,0
DA:72,0
DA:73,0
DA:74,0
DA:75,0
DA:76,0
DA:77,0
DA:78,0
DA:79,0
DA:80,0
DA:81,0
DA:82,0
DA:83,0
DA:84,0
DA:85,0
DA:86,0
DA:88,0
DA:89,0
DA:90,0
DA:91,0
DA:92,0
DA:93,0
DA:94,0
DA:95,0
DA:96,0
DA:97,0
DA:99,0
DA:100,0
DA:101,0
DA:102,0
DA:103,0
DA:104,0
DA:105,0
DA:106,0
DA:107,0
DA:108,0
DA:109,0
DA:110,0
DA:111,0
DA:113,0
DA:114,0
DA:115,0
DA:116,0
DA:117,0
DA:118,0
DA:119,0
DA:120,0
DA:121,0
DA:122,0
DA:123,0
DA:124,0
DA:125,0
DA:127,0
DA:128,0
DA:129,0
DA:130,0
DA:131,0
DA:132,0
DA:133,0
DA:134,0
DA:135,0
DA:136,0
DA:137,0
DA:138,0
DA:139,0
DA:140,0
DA:141,0
DA:142,0
DA:143,0
DA:144,0
DA:145,0
DA:146,0
DA:147,0
DA:148,0
DA:149,0
DA:150,0
DA:151,0
DA:152,0
DA:153,0
DA:154,0
DA:155,0
DA:157,0
DA:158,0
DA:159,0
DA:160,0
DA:161,0
DA:162,0
DA:163,0
DA:164,0
DA:165,0
DA:167,0
DA:168,0
DA:169,0
DA:170,0
DA:171,0
DA:172,0
DA:174,0
DA:175,0
DA:176,0
DA:177,0
DA:178,0
DA:180,0
DA:181,0
DA:182,0
DA:183,0
DA:184,0
DA:186,0
DA:187,0
DA:188,0
DA:189,0
DA:190,0
DA:191,0
DA:192,0
DA:193,0
DA:194,0
DA:195,0
DA:196,0
DA:197,0
DA:198,0
DA:200,0
DA:202,0
DA:203,0
DA:204,0
DA:205,0
DA:206,0
DA:207,0
DA:208,0
DA:209,0
DA:210,0
DA:211,0
DA:212,0
DA:214,0
DA:215,0
DA:216,0
DA:217,0
DA:218,0
DA:219,0
DA:221,0
DA:222,0
DA:224,0
DA:225,0
DA:226,0
DA:227,0
DA:228,0
DA:230,0
DA:231,0
DA:232,0
DA:234,0
DA:235,0
DA:236,0
DA:238,0
DA:239,0
DA:240,0
DA:241,0
DA:242,0
DA:243,0
DA:244,0
DA:245,0
DA:246,0
DA:247,0
DA:248,0
DA:249,0
DA:250,0
DA:251,0
DA:252,0
DA:253,0
DA:254,0
DA:255,0
DA:256,0
DA:257,0
DA:259,0
DA:260,0
DA:261,0
DA:262,0
DA:263,0
DA:264,0
DA:265,0
DA:266,0
DA:268,0
DA:269,0
DA:270,0
DA:271,0
DA:272,0
DA:274,0
DA:275,1
DA:277,1
LF:209
LH:19
BRF:0
BRH:0
end_of_record
TN:
SF:src/components/PreviewPortal.tsx
FN:9,PreviewPortal
FNF:1
FNH:0
FNDA:0,PreviewPortal
DA:1,1
DA:2,1
DA:3,1
DA:9,1
DA:10,0
DA:11,0
DA:12,0
DA:14,0
DA:15,0
DA:16,0
DA:17,0
DA:18,0
DA:19,0
DA:20,0
DA:22,0
DA:23,0
LF:16
LH:4
BRF:0
BRH:0
end_of_record
TN:
SF:src/models/document.ts
FN:14,Document
FN:24,addPage
FN:31,getNumberOfPages
FN:35,addCanvasToPage
FN:63,save
FN:69,open
FN:72,print
FN:76,getBlob
FN:81,getBlobURL
FN:84,getPageMaxWidth
FN:87,getPageMaxHeight
FN:92,getPageHeight
FN:95,getPageWidth
FN:98,getMarginTop
FN:109,getMarginLeft
FN:120,getMarginRight
FN:131,getMarginBottom
FN:142,getInstance
FNF:18
FNH:11
FNDA:6,Document
FNDA:1,addPage
FNDA:5,getNumberOfPages
FNDA:0,addCanvasToPage
FNDA:0,save
FNDA:0,open
FNDA:0,print
FNDA:0,getBlob
FNDA:0,getBlobURL
FNDA:3,getPageMaxWidth
FNDA:3,getPageMaxHeight
FNDA:3,getPageHeight
FNDA:3,getPageWidth
FNDA:7,getMarginTop
FNDA:5,getMarginLeft
FNDA:3,getMarginRight
FNDA:3,getMarginBottom
FNDA:0,getInstance
DA:1,1
DA:4,1
DA:7,1
DA:12,1
DA:14,1
DA:15,6
DA:16,6
DA:17,6
DA:18,6
DA:19,6
DA:20,6
DA:21,6
DA:22,6
DA:24,1
DA:25,1
DA:26,1
DA:27,1
DA:28,1
DA:29,1
DA:31,1
DA:32,5
DA:33,5
DA:35,1
DA:36,0
DA:37,0
DA:38,0
DA:39,0
DA:40,0
DA:41,0
DA:42,0
DA:49,0
DA:50,0
DA:51,0
DA:52,0
DA:53,0
DA:54,0
DA:55,0
DA:56,0
DA:57,0
DA:58,0
DA:59,0
DA:60,0
DA:61,0
DA:62,0
DA:63,1
DA:64,0
DA:65,0
DA:66,0
DA:67,0
DA:68,0
DA:69,1
DA:70,0
DA:71,0
DA:72,1
DA:73,0
DA:74,0
DA:75,0
DA:76,1
DA:77,0
DA:78,0
DA:79,0
DA:80,0
DA:81,1
DA:82,0
DA:83,0
DA:84,1
DA:85,3
DA:86,3
DA:87,1
DA:88,3
DA:89,3
DA:91,3
DA:92,1
DA:93,3
DA:94,3
DA:95,1
DA:96,3
DA:97,3
DA:98,1
DA:99,7
DA:100,3
DA:101,3
DA:102,4
DA:103,4
DA:104,0
DA:105,4
DA:106,7
DA:107,7
DA:108,7
DA:109,1
DA:110,5
DA:111,1
DA:112,1
DA:113,4
DA:114,4
DA:115,0
DA:116,4
DA:117,5
DA:118,5
DA:119,5
DA:120,1
DA:121,3
DA:122,0
DA:123,0
DA:124,3
DA:125,3
DA:126,0
DA:127,3
DA:128,3
DA:129,3
DA:130,3
DA:131,1
DA:132,3
DA:133,0
DA:134,0
DA:135,3
DA:136,3
DA:137,0
DA:138,3
DA:139,3
DA:140,3
DA:141,3
DA:142,1
DA:143,0
DA:144,0
DA:145,1
LF:126
LH:79
BRDA:14,0,0,6
BRDA:24,1,0,1
BRDA:31,2,0,5
BRDA:84,3,0,3
BRDA:87,4,0,3
BRDA:92,5,0,3
BRDA:95,6,0,3
BRDA:98,7,0,7
BRDA:99,8,0,3
BRDA:101,9,0,4
BRDA:103,10,0,0
BRDA:104,11,0,4
BRDA:109,12,0,5
BRDA:110,13,0,4
BRDA:110,14,0,1
BRDA:114,15,0,0
BRDA:115,16,0,4
BRDA:120,17,0,3
BRDA:121,18,0,0
BRDA:125,19,0,0
BRDA:131,20,0,3
BRDA:132,21,0,0
BRDA:136,22,0,0
BRF:23
BRH:17
end_of_record
TN:
SF:src/models/image.ts
FN:4,Image
FN:8,getScale
FN:11,getCanvas
FN:14,getWidth
FN:17,getHeight
FN:20,getOriginalWidth
FN:23,getOriginalHeight
FNF:7
FNH:7
FNDA:14,Image
FNDA:4,getScale
FNDA:4,getCanvas
FNDA:11,getWidth
FNDA:44,getHeight
FNDA:4,getOriginalWidth
FNDA:6,getOriginalHeight
DA:1,1
DA:4,1
DA:5,14
DA:6,14
DA:7,14
DA:8,1
DA:9,4
DA:10,4
DA:11,1
DA:12,4
DA:13,4
DA:14,1
DA:15,11
DA:16,11
DA:17,1
DA:18,44
DA:19,44
DA:20,1
DA:21,4
DA:22,4
DA:23,1
DA:24,6
DA:25,6
DA:26,1
LF:24
LH:24
BRDA:4,0,0,14
BRDA:8,1,0,4
BRDA:11,2,0,4
BRDA:14,3,0,11
BRDA:17,4,0,44
BRDA:20,5,0,4
BRDA:23,6,0,6
BRF:7
BRH:7
end_of_record
TN:
SF:src/models/page.ts
FN:8,Page
FN:12,addImage
FN:15,getContentHeight
FN:20,getNumber
FN:23,getAvailableHeight
FN:26,isFull
FN:29,getImages
FN:32,getImageY
FNF:8
FNH:7
FNDA:6,Page
FNDA:10,addImage
FNDA:18,getContentHeight
FNDA:0,getNumber
FNDA:18,getAvailableHeight
FNDA:7,isFull
FNDA:11,getImages
FNDA:4,getImageY
DA:3,1
DA:5,1
DA:8,1
DA:9,6
DA:10,6
DA:11,6
DA:12,1
DA:13,10
DA:14,10
DA:15,1
DA:16,18
DA:17,18
DA:18,18
DA:19,18
DA:20,1
DA:21,0
DA:22,0
DA:23,1
DA:24,18
DA:25,18
DA:26,1
DA:27,7
DA:28,7
DA:29,1
DA:30,11
DA:31,11
DA:32,1
DA:33,4
DA:34,0
DA:35,0
DA:36,4
DA:37,4
DA:38,4
DA:39,4
DA:40,4
DA:41,4
DA:42,1
LF:37
LH:33
BRDA:8,0,0,6
BRDA:12,1,0,10
BRDA:15,2,0,18
BRDA:17,3,0,12
BRDA:18,4,0,12
BRDA:23,5,0,18
BRDA:26,6,0,7
BRDA:29,7,0,11
BRDA:32,8,0,4
BRDA:33,9,0,0
BRDA:39,10,0,2
BRDA:40,11,0,2
BRF:12
BRH:11
end_of_record
TN:
SF:src/services/canvasConverter.ts
FN:13,CanvasConverter
FN:27,htmlToCanvas
FN:41,calculateResizeScale
FN:58,htmlToCanvasImage
FN:68,htmlToCanvasImages
FN:102,dispose
FNF:6
FNH:2
FNDA:6,CanvasConverter
FNDA:0,htmlToCanvas
FNDA:6,calculateResizeScale
FNDA:0,htmlToCanvasImage
FNDA:0,htmlToCanvasImages
FNDA:0,dispose
DA:1,1
DA:3,1
DA:4,1
DA:5,1
DA:7,1
DA:11,1
DA:13,1
DA:14,6
DA:15,6
DA:16,6
DA:17,6
DA:21,6
DA:22,6
DA:23,6
DA:24,6
DA:25,6
DA:27,1
DA:28,0
DA:29,0
DA:30,0
DA:31,0
DA:32,0
DA:33,0
DA:34,0
DA:35,0
DA:36,0
DA:37,0
DA:38,0
DA:39,0
DA:40,0
DA:41,1
DA:42,6
DA:43,6
DA:44,2
DA:45,2
DA:46,2
DA:47,2
DA:48,6
DA:49,2
DA:50,2
DA:51,2
DA:52,2
DA:53,6
DA:54,2
DA:55,6
DA:56,6
DA:58,1
DA:59,0
DA:60,0
DA:61,0
DA:62,0
DA:63,0
DA:64,0
DA:65,0
DA:66,0
DA:68,1
DA:69,0
DA:70,0
DA:71,0
DA:72,0
DA:73,0
DA:74,0
DA:75,0
DA:76,0
DA:77,0
DA:78,0
DA:79,0
DA:80,0
DA:81,0
DA:82,0
DA:83,0
DA:84,0
DA:85,0
DA:86,0
DA:87,0
DA:88,0
DA:89,0
DA:90,0
DA:91,0
DA:92,0
DA:93,0
DA:94,0
DA:95,0
DA:96,0
DA:102,1
DA:103,0
DA:105,0
DA:106,0
DA:107,0
DA:108,0
DA:110,0
DA:111,0
DA:112,0
DA:113,0
DA:114,0
DA:115,1
LF:96
LH:37
BRDA:13,0,0,6
BRDA:41,1,0,6
BRDA:43,2,0,2
BRDA:48,3,0,2
BRDA:53,4,0,2
BRF:5
BRH:5
end_of_record
TN:
SF:src/services/documentConverter.ts
FN:21,parseOptions
FN:45,DocumentConverter
FN:48,createDocumentAdvanced
FN:112,createDocument
FN:117,addFooterAndHeaderToDocument
FNF:5
FNH:2
FNDA:13,parseOptions
FNDA:2,DocumentConverter
FNDA:0,createDocumentAdvanced
FNDA:0,createDocument
FNDA:0,addFooterAndHeaderToDocument
DA:7,1
DA:8,1
DA:9,1
DA:10,1
DA:11,1
DA:12,1
DA:13,1
DA:21,1
DA:22,13
DA:23,13
DA:24,13
DA:25,4
DA:26,4
DA:27,9
DA:28,9
DA:29,9
DA:30,9
DA:31,9
DA:32,9
DA:33,9
DA:34,9
DA:35,13
DA:36,13
DA:37,13
DA:38,13
DA:39,13
DA:40,13
DA:41,13
DA:43,1
DA:45,1
DA:46,2
DA:47,2
DA:48,1
DA:49,0
DA:50,0
DA:51,0
DA:52,0
DA:53,0
DA:54,0
DA:55,0
DA:56,0
DA:57,0
DA:58,0
DA:59,0
DA:60,0
DA:61,0
DA:62,0
DA:63,0
DA:64,0
DA:65,0
DA:66,0
DA:67,0
DA:68,0
DA:69,0
DA:70,0
DA:71,0
DA:72,0
DA:73,0
DA:74,0
DA:75,0
DA:76,0
DA:77,0
DA:78,0
DA:79,0
DA:80,0
DA:81,0
DA:82,0
DA:83,0
DA:84,0
DA:85,0
DA:86,0
DA:87,0
DA:88,0
DA:89,0
DA:90,0
DA:91,0
DA:92,0
DA:93,0
DA:94,0
DA:95,0
DA:96,0
DA:97,0
DA:98,0
DA:99,0
DA:100,0
DA:101,0
DA:102,0
DA:103,0
DA:104,0
DA:105,0
DA:106,0
DA:107,0
DA:108,0
DA:109,0
DA:110,0
DA:111,0
DA:112,1
DA:113,0
DA:114,0
DA:115,0
DA:116,0
DA:117,1
DA:118,0
DA:119,0
DA:120,0
DA:121,0
DA:125,0
DA:126,0
DA:127,0
DA:128,0
DA:129,0
DA:130,0
DA:131,0
DA:132,0
DA:133,1
LF:115
LH:36
BRDA:21,0,0,13
BRDA:24,1,0,11
BRDA:24,2,0,4
BRDA:26,3,0,9
BRDA:38,4,0,9
BRDA:45,5,0,2
BRF:6
BRH:6
end_of_record
TN:
SF:src/services/footerHeaderService.ts
FN:14,FooterHeaderService
FN:26,addFooterAndHeaderToDocument
FN:87,addImageToPage
FNF:3
FNH:2
FNDA:4,FooterHeaderService
FNDA:3,addFooterAndHeaderToDocument
FNDA:0,addImageToPage
DA:3,1
DA:4,1
DA:6,1
DA:11,1
DA:14,1
DA:15,4
DA:16,4
DA:26,1
DA:27,3
DA:28,3
DA:29,3
DA:30,3
DA:34,3
DA:35,3
DA:36,3
DA:38,3
DA:39,3
DA:40,3
DA:41,3
DA:42,3
DA:44,3
DA:45,3
DA:46,6
DA:47,6
DA:48,2
DA:49,6
DA:50,6
DA:51,3
DA:52,3
DA:54,3
DA:55,3
DA:57,3
DA:58,3
DA:59,3
DA:60,3
DA:62,3
DA:63,0
DA:64,0
DA:65,0
DA:66,0
DA:67,0
DA:68,0
DA:69,0
DA:71,3
DA:72,0
DA:73,0
DA:74,0
DA:75,0
DA:76,0
DA:77,0
DA:78,0
DA:79,3
DA:81,3
DA:82,3
DA:87,1
DA:88,0
DA:89,0
DA:90,0
DA:91,0
DA:95,0
DA:96,0
DA:97,0
DA:98,0
DA:99,0
DA:100,0
DA:101,0
DA:103,0
DA:104,0
DA:105,0
DA:106,0
DA:107,0
DA:108,0
DA:109,0
DA:110,0
DA:111,1
LF:75
LH:42
BRDA:14,0,0,4
BRDA:26,1,0,3
BRDA:62,2,0,0
BRDA:71,3,0,0
BRDA:45,4,0,6
BRDA:47,5,0,2
BRDA:48,6,0,0
BRF:7
BRH:4
end_of_record
TN:
SF:src/services/pageImagesBuilder.ts
FN:10,PageImagesBuilder
FN:14,createPage
FN:23,calculateCropHeight
FN:39,createPageImage
FN:64,createPages
FNF:5
FNH:5
FNDA:2,PageImagesBuilder
FNDA:4,createPage
FNDA:4,calculateCropHeight
FNDA:6,createPageImage
FNDA:2,createPages
DA:1,1
DA:2,1
DA:4,1
DA:6,1
DA:10,1
DA:11,2
DA:12,2
DA:13,2
DA:14,1
DA:15,4
DA:16,4
DA:17,4
DA:18,4
DA:19,4
DA:20,4
DA:21,4
DA:22,4
DA:23,1
DA:24,4
DA:25,4
DA:26,4
DA:27,4
DA:31,4
DA:32,4
DA:33,4
DA:34,4
DA:35,2
DA:36,2
DA:37,2
DA:38,4
DA:39,1
DA:40,6
DA:41,6
DA:42,6
DA:43,6
DA:47,6
DA:48,6
DA:49,6
DA:50,6
DA:51,6
DA:52,2
DA:53,2
DA:54,4
DA:55,4
DA:56,4
DA:57,4
DA:58,4
DA:59,4
DA:60,4
DA:61,4
DA:62,6
DA:64,1
DA:65,2
DA:66,2
DA:67,2
DA:68,4
DA:69,4
DA:70,2
DA:71,2
DA:72,4
DA:73,4
DA:74,4
DA:75,4
DA:76,4
DA:77,6
DA:78,2
DA:79,2
DA:80,6
DA:81,6
DA:82,6
DA:83,6
DA:84,6
DA:85,0
DA:86,0
DA:87,6
DA:88,2
DA:89,2
DA:90,2
DA:91,1
LF:79
LH:77
BRDA:10,0,0,2
BRDA:14,1,0,4
BRDA:23,2,0,4
BRDA:34,3,0,2
BRDA:39,4,0,6
BRDA:51,5,0,2
BRDA:51,6,0,2
BRDA:53,7,0,4
BRDA:64,8,0,2
BRDA:67,9,0,4
BRDA:69,10,0,2
BRDA:76,11,0,6
BRDA:77,12,0,2
BRDA:84,13,0,0
BRF:14
BRH:13
end_of_record
TN:
SF:src/services/pageImagesPositioner.ts
FN:11,PageImagesPositioner
FN:19,PageImagesPositioner.calculateImageCoordinates
FN:56,calculateCoordinatesPageImages
FN:64,calculateOverrideCoordinates
FN:107,calculateCoordinatesBody
FN:144,calculateCoordinatesFooter
FN:169,calculateCoordinatesHeader
FNF:7
FNH:4
FNDA:4,PageImagesPositioner
FNDA:2,PageImagesPositioner.calculateImageCoordinates
FNDA:1,calculateCoordinatesPageImages
FNDA:2,calculateOverrideCoordinates
FNDA:0,calculateCoordinatesBody
FNDA:0,calculateCoordinatesFooter
FNDA:0,calculateCoordinatesHeader
DA:1,1
DA:6,1
DA:8,1
DA:11,1
DA:12,4
DA:13,4
DA:14,4
DA:15,4
DA:16,4
DA:17,4
DA:19,1
DA:20,2
DA:21,2
DA:22,2
DA:23,2
DA:24,2
DA:25,2
DA:26,0
DA:27,0
DA:28,0
DA:29,0
DA:30,0
DA:31,2
DA:32,0
DA:33,0
DA:34,0
DA:35,0
DA:36,0
DA:37,2
DA:38,0
DA:39,0
DA:40,0
DA:41,0
DA:42,0
DA:43,0
DA:44,0
DA:45,0
DA:46,0
DA:47,0
DA:48,0
DA:49,2
DA:50,2
DA:51,2
DA:52,2
DA:53,2
DA:54,2
DA:55,2
DA:56,1
DA:57,1
DA:58,1
DA:59,1
DA:60,1
DA:61,2
DA:62,2
DA:63,2
DA:64,2
DA:65,2
DA:66,2
DA:67,0
DA:68,0
DA:69,0
DA:70,0
DA:71,0
DA:72,0
DA:73,0
DA:74,2
DA:75,0
DA:76,0
DA:77,0
DA:78,0
DA:79,2
DA:80,0
DA:81,0
DA:82,0
DA:83,0
DA:84,0
DA:85,0
DA:86,0
DA:87,0
DA:88,0
DA:89,0
DA:90,0
DA:91,0
DA:92,2
DA:93,2
DA:94,2
DA:95,2
DA:96,2
DA:97,2
DA:98,2
DA:99,2
DA:100,2
DA:101,2
DA:102,2
DA:103,2
DA:104,2
DA:105,1
DA:106,1
DA:107,1
DA:108,0
DA:109,0
DA:110,0
DA:111,0
DA:112,0
DA:113,0
DA:114,0
DA:115,0
DA:116,0
DA:117,0
DA:118,0
DA:119,0
DA:120,0
DA:121,0
DA:122,0
DA:123,0
DA:124,0
DA:125,0
DA:126,0
DA:127,0
DA:128,0
DA:129,0
DA:130,0
DA:131,0
DA:132,0
DA:133,0
DA:134,0
DA:135,0
DA:136,0
DA:137,0
DA:138,0
DA:139,0
DA:140,0
DA:141,0
DA:142,0
DA:143,0
DA:144,1
DA:145,0
DA:146,0
DA:147,0
DA:148,0
DA:149,0
DA:150,0
DA:151,0
DA:152,0
DA:153,0
DA:154,0
DA:155,0
DA:156,0
DA:157,0
DA:158,0
DA:159,0
DA:160,0
DA:161,0
DA:162,0
DA:163,0
DA:164,0
DA:165,0
DA:166,0
DA:167,0
DA:168,0
DA:169,1
DA:170,0
DA:171,0
DA:172,0
DA:173,0
DA:174,0
DA:175,0
DA:176,0
DA:177,0
DA:178,0
DA:179,0
DA:180,0
DA:181,0
DA:182,0
DA:183,0
DA:184,0
DA:185,0
DA:186,0
DA:187,0
DA:188,0
DA:189,0
DA:190,1
LF:182
LH:58
BRDA:11,0,0,4
BRDA:19,1,0,2
BRDA:25,2,0,0
BRDA:31,3,0,0
BRDA:37,4,0,0
BRDA:56,5,0,1
BRDA:60,6,0,2
BRDA:64,7,0,2
BRDA:66,8,0,0
BRDA:74,9,0,0
BRDA:79,10,0,0
BRF:11
BRH:5
end_of_record
